0 info it worked if it ends with ok
1 verbose cli [ '/usr/bin/node',
1 verbose cli   '/usr/bin/npm',
1 verbose cli   'publish',
1 verbose cli   '--access',
1 verbose cli   'public' ]
2 info using npm@3.5.2
3 info using node@v8.10.0
4 verbose publish [ '.' ]
5 silly cache add args [ '.', null ]
6 verbose cache add spec .
7 silly cache add parsed spec Result {
7 silly cache add   raw: '.',
7 silly cache add   scope: null,
7 silly cache add   name: null,
7 silly cache add   rawSpec: '.',
7 silly cache add   spec: '/home/eina/lighthouse/w1/lotide',
7 silly cache add   type: 'directory' }
8 verbose addLocalDirectory /home/eina/.npm/lotide/1.0.0/package.tgz not in flight; packing
9 info lifecycle lotide@1.0.0~prepublish: lotide@1.0.0
10 silly lifecycle lotide@1.0.0~prepublish: no script for prepublish, continuing
11 verbose tar pack [ '/home/eina/.npm/lotide/1.0.0/package.tgz',
11 verbose tar pack   '/home/eina/lighthouse/w1/lotide' ]
12 verbose tarball /home/eina/.npm/lotide/1.0.0/package.tgz
13 verbose folder /home/eina/lighthouse/w1/lotide
14 verbose addLocalTarball adding from inside cache /home/eina/.npm/lotide/1.0.0/package.tgz
15 silly cache afterAdd lotide@1.0.0
16 verbose afterAdd /home/eina/.npm/lotide/1.0.0/package/package.json not in flight; writing
17 verbose afterAdd /home/eina/.npm/lotide/1.0.0/package/package.json written
18 silly publish { name: 'lotide',
18 silly publish   email: 'hi@eina.ca',
18 silly publish   version: '1.0.0',
18 silly publish   description: 'Lotide Project for Lighthouse Labs Web Development Bootcamp',
18 silly publish   main: 'assertArraysEqual.js',
18 silly publish   directories: { test: 'test' },
18 silly publish   dependencies: {},
18 silly publish   devDependencies: { chai: '^4.2.0', mocha: '^7.0.0' },
18 silly publish   scripts: { test: 'mocha' },
18 silly publish   repository:
18 silly publish    { type: 'git',
18 silly publish      url: 'git+https://github.com/thelittleblacksmith/lotide.git' },
18 silly publish   author: { name: 'thelittleblacksmith' },
18 silly publish   license: 'ISC',
18 silly publish   bugs: { url: 'https://github.com/thelittleblacksmith/lotide/issues' },
18 silly publish   homepage: 'https://github.com/thelittleblacksmith/lotide#readme',
18 silly publish   readme: '# Lotide\n\nA mini clone of the [Lodash](https://lodash.com) library.\n\n## Purpose\n\n**_BEWARE:_ This library was published for learning purposes. It is _not_ intended for use in production-grade software.**\n\nThis project was created and published by me as part of my learnings at Lighthouse Labs. \n\n## Usage\n\n**Install it:**\n\n`npm install @thelittleblacksmith/lotide`\n\n**Require it:**\n\n`const _ = require(\'@thelittleblacksmith/lotide\');`\n\n**Call it:**\n\n`const results = _.tail([1, 2, 3]) // => [2, 3]`\n\n## Documentation\n\nThe following functions are currently implemented:\n\n* `head`: *requires an array* as an argument and returns the first item in an array\n* `tail`: *requires an array* as an argument and returns all but the first item of the array\n* `middle`: *requires an array* as an argument\n  - if array has odd length, it will return the middle item in an array\n  - if array has even length, it will return the two middle items in an array',
18 silly publish   readmeFilename: 'README.md',
18 silly publish   gitHead: '10dd98ead5ba903d8fdff6931178b7a7ec01ca35',
18 silly publish   _id: 'lotide@1.0.0',
18 silly publish   _shasum: '027516f9e9a399371035a94cd7b0c0710bd99e58',
18 silly publish   _from: '.' }
19 verbose getPublishConfig undefined
20 silly mapToRegistry name lotide
21 silly mapToRegistry using default registry
22 silly mapToRegistry registry https://registry.npmjs.org/
23 silly mapToRegistry uri https://registry.npmjs.org/lotide
24 verbose publish registryBase https://registry.npmjs.org/
25 silly publish uploading /home/eina/.npm/lotide/1.0.0/package.tgz
26 verbose request uri https://registry.npmjs.org/lotide
27 verbose request sending authorization for write operation
28 info attempt registry request try #1 at 3:38:38 p.m.
29 verbose request using bearer token for auth
30 verbose request id 36fc109cc2764682
31 http request PUT https://registry.npmjs.org/lotide
32 http 403 https://registry.npmjs.org/lotide
33 verbose headers { date: 'Mon, 13 Jan 2020 23:38:38 GMT',
33 verbose headers   'content-type': 'application/json',
33 verbose headers   'transfer-encoding': 'chunked',
33 verbose headers   connection: 'keep-alive',
33 verbose headers   'set-cookie':
33 verbose headers    [ '__cfduid=d79bb48bab262dc287bac969cbaf0474e1578958718; expires=Wed, 12-Feb-20 23:38:38 GMT; path=/; domain=.npmjs.org; HttpOnly; SameSite=Lax' ],
33 verbose headers   'cf-ray': '554b34785fcdc9ad-SEA',
33 verbose headers   'cf-cache-status': 'DYNAMIC',
33 verbose headers   'expect-ct': 'max-age=604800, report-uri="https://report-uri.cloudflare.com/cdn-cgi/beacon/expect-ct"',
33 verbose headers   vary: 'Accept-Encoding',
33 verbose headers   server: 'cloudflare',
33 verbose headers   'content-encoding': 'gzip' }
34 verbose request invalidating /home/eina/.npm/registry.npmjs.org/lotide on PUT
35 error publish Failed PUT 403
36 verbose stack Error: You do not have permission to publish "lotide". Are you logged in as the correct user? : lotide
36 verbose stack     at makeError (/usr/share/npm/node_modules/npm-registry-client/lib/request.js:264:12)
36 verbose stack     at CachingRegistryClient.<anonymous> (/usr/share/npm/node_modules/npm-registry-client/lib/request.js:252:14)
36 verbose stack     at /usr/share/npm/node_modules/npm-registry-client/lib/request.js:178:7
36 verbose stack     at Gunzip.onEnd (zlib.js:131:5)
36 verbose stack     at emitNone (events.js:111:20)
36 verbose stack     at Gunzip.emit (events.js:208:7)
36 verbose stack     at endReadableNT (_stream_readable.js:1064:12)
36 verbose stack     at _combinedTickCallback (internal/process/next_tick.js:138:11)
36 verbose stack     at process._tickCallback (internal/process/next_tick.js:180:9)
37 verbose statusCode 403
38 verbose pkgid lotide
39 verbose cwd /home/eina/lighthouse/w1/lotide
40 error Linux 5.0.0-37-generic
41 error argv "/usr/bin/node" "/usr/bin/npm" "publish" "--access" "public"
42 error node v8.10.0
43 error npm  v3.5.2
44 error code E403
45 error You do not have permission to publish "lotide". Are you logged in as the correct user? : lotide
46 error If you need help, you may report this error at:
46 error     <https://github.com/npm/npm/issues>
47 verbose exit [ 1, true ]
